Arguments: 
  C:\Program Files\nodejs\node.exe C:\Users\Prajwal\AppData\Roaming\npm\node_modules\yarn\bin\yarn.js add mangoose

PATH: 
  E:\oracle\product\10.2.0\db_1\bin;C:\WINDOWS\system32;C:\WINDOWS;C:\WINDOWS\System32\Wbem;C:\WINDOWS\System32\WindowsPowerShell\v1.0\;C:\WINDOWS\System32\OpenSSH\;C:\Program Files\MiKTeX\miktex\bin\x64\;C:\Program Files\Java\jdk-13.0.2\bin;C:\Program Files\nodejs\;C:\Program Files\Git\cmd;C:\Windows\system32;C:\Windows;C:\Windows\System32\Wbem;C:\Windows\System32\WindowsPowerShell\v1.0\;C:\Windows\System32\OpenSSH\;C:\Users\Prajwal\AppData\Local\Microsoft\WindowsApps;,C:\Python34\Scripts;C:\Program Files\Java\jdk-13.0.2\bin;;C:\Users\Prajwal\AppData\Local\Programs\Microsoft VS Code\bin;C:\Users\Prajwal\AppData\Roaming\npm;%USERPROFILE%\AppData\Local\Microsoft\WindowsApps

Yarn version: 
  1.22.17

Node version: 
  14.18.0

Platform: 
  win32 x64

Trace: 
  Error: https://registry.yarnpkg.com/mangoose: Not found
      at Request.params.callback [as _callback] (C:\Users\Prajwal\AppData\Roaming\npm\node_modules\yarn\lib\cli.js:67029:18)
      at Request.self.callback (C:\Users\Prajwal\AppData\Roaming\npm\node_modules\yarn\lib\cli.js:140883:22)
      at Request.emit (events.js:400:28)
      at Request.<anonymous> (C:\Users\Prajwal\AppData\Roaming\npm\node_modules\yarn\lib\cli.js:141855:10)
      at Request.emit (events.js:400:28)
      at IncomingMessage.<anonymous> (C:\Users\Prajwal\AppData\Roaming\npm\node_modules\yarn\lib\cli.js:141777:12)
      at Object.onceWrapper (events.js:519:28)
      at IncomingMessage.emit (events.js:412:35)
      at endReadableNT (internal/streams/readable.js:1334:12)
      at processTicksAndRejections (internal/process/task_queues.js:82:21)

npm manifest: 
  {
    "name": "studentApp",
    "version": "1.0.0",
    "description": "",
    "main": "server.js",
    "scripts": {
      "test": "echo \"Error: no test specified\" && exit 1",
      "start":"nodemon -r esm server.js"
    },
    "keywords": [],
    "author": "",
    "license": "ISC",
    "dependencies": {
      "esm": "^3.2.25",
      "express": "^4.17.2",
      "express-handlebars": "^6.0.2"
    }
  }

yarn manifest: 
  No manifest

Lockfile: 
  No lockfile
